<?xml version="1.0" encoding="UTF-8"?>
<!-- Generated by org.testng.reporters.JUnitReportReporter -->
<testsuite hostname="GKZenbook" failures="0" tests="1" name="kdf.ApplicatioClass" time="31.454" errors="0" timestamp="2021-04-01T15:39:42 EDT" skipped="0">
  <testcase classname="kdf.ApplicatioClass" name="verifyInvalidLogin" time="31.454"/>
  <system-out/>
</testsuite> <!-- kdf.ApplicatioClass -->
